Using pre-set license
Built from '2020.3/staging' branch; Version is '2020.3.8f1 (507919d4fff5) revision 5273881'; Using compiler version '192528614'; Build Type 'Release'
OS: 'Windows 10 Home; OS build 19041.1052; Version 2004; 64bit' Language: 'ca' Physical Memory: 16292 MB
BatchMode: 1, IsHumanControllingUs: 0, StartBugReporterOnCrash: 0, Is64bit: 1, IsPro: 0

 COMMAND LINE ARGUMENTS:
C:\Program Files\Unity\Hub\Editor\2020.3.8f1\Editor\Unity.exe
-adb2
-batchMode
-noUpm
-name
AssetImportWorker0
-projectPath
D:/Projectes/UNITY-ENGINE/TRY/VaAnemi
-logFile
Logs/AssetImportWorker0.log
-srvPort
54933
Successfully changed project path to: D:/Projectes/UNITY-ENGINE/TRY/VaAnemi
D:/Projectes/UNITY-ENGINE/TRY/VaAnemi
Using Asset Import Pipeline V2.
Refreshing native plugins compatible for Editor in 39.49 ms, found 0 plugins.
Preloading 0 native plugins for Editor in 0.00 ms.
Initialize engine version: 2020.3.8f1 (507919d4fff5)
[Subsystems] Discovering subsystems at path C:/Program Files/Unity/Hub/Editor/2020.3.8f1/Editor/Data/Resources/UnitySubsystems
[Subsystems] Discovering subsystems at path D:/Projectes/UNITY-ENGINE/TRY/VaAnemi/Assets
GfxDevice: creating device client; threaded=0
Direct3D:
    Version:  Direct3D 11.0 [level 11.1]
    Renderer: NVIDIA GeForce GTX 970M (ID=0x13d8)
    Vendor:   
    VRAM:     3032 MB
    Driver:   30.0.14.7111
Initialize mono
Mono path[0] = 'C:/Program Files/Unity/Hub/Editor/2020.3.8f1/Editor/Data/Managed'
Mono path[1] = 'C:/Program Files/Unity/Hub/Editor/2020.3.8f1/Editor/Data/MonoBleedingEdge/lib/mono/unityjit'
Mono config path = 'C:/Program Files/Unity/Hub/Editor/2020.3.8f1/Editor/Data/MonoBleedingEdge/etc'
Using monoOptions --debugger-agent=transport=dt_socket,embedding=1,server=y,suspend=n,address=127.0.0.1:56208
Begin MonoManager ReloadAssembly
Registering precompiled unity dll's ...
Register platform support module: C:/Program Files/Unity/Hub/Editor/2020.3.8f1/Editor/Data/PlaybackEngines/WindowsStandaloneSupport/UnityEditor.WindowsStandalone.Extensions.dll
Registered in 0.006148 seconds.
Native extension for WindowsStandalone target not found
Refreshing native plugins compatible for Editor in 45.52 ms, found 0 plugins.
Preloading 0 native plugins for Editor in 0.00 ms.
Mono: successfully reloaded assembly
- Completed reload, in  1.951 seconds
Platform modules already initialized, skipping
Registering precompiled user dll's ...
Registered in 0.001543 seconds.
Begin MonoManager ReloadAssembly
Native extension for WindowsStandalone target not found
Refreshing native plugins compatible for Editor in 0.93 ms, found 0 plugins.
Preloading 0 native plugins for Editor in 0.00 ms.
Mono: successfully reloaded assembly
- Completed reload, in  1.569 seconds
Platform modules already initialized, skipping
========================================================================
Worker process is ready to serve import requests
Launched and connected shader compiler UnityShaderCompiler.exe after 0.08 seconds
Refreshing native plugins compatible for Editor in 0.34 ms, found 0 plugins.
Preloading 0 native plugins for Editor in 0.00 ms.
Unloading 1637 Unused Serialized files (Serialized files now loaded: 0)
System memory in use before: 79.1 MB.
System memory in use after: 79.1 MB.

Unloading 102 unused Assets to reduce memory usage. Loaded Objects now: 2073.
Total: 4.266300 ms (FindLiveObjects: 0.266600 ms CreateObjectMapping: 0.096400 ms MarkObjects: 3.555600 ms  DeleteObjects: 0.345400 ms)

========================================================================
Received Import Request.
  path: Assets/Prefabs/Usable-Llit1.prefab
  artifactKey: Guid(ab9546052a7c74341b427b7f67e10537) Importer(815301076,1909f56bfc062723c751e8b465ee728b)
Start importing Assets/Prefabs/Usable-Llit1.prefab using Guid(ab9546052a7c74341b427b7f67e10537) Importer(815301076,1909f56bfc062723c751e8b465ee728b)  -> (artifact id: '6df2f946d7fc43c810d7136af94f754b') in 0.167782 seconds
  Import took 0.171143 seconds .

========================================================================
Received Import Request.
  Time since last request: 0.000358 seconds.
  path: Assets/Prefabs/ForUse-Objectiu.prefab
  artifactKey: Guid(5787a580750dd3c4d83b5681c03412ce) Importer(815301076,1909f56bfc062723c751e8b465ee728b)
Start importing Assets/Prefabs/ForUse-Objectiu.prefab using Guid(5787a580750dd3c4d83b5681c03412ce) Importer(815301076,1909f56bfc062723c751e8b465ee728b)  -> (artifact id: 'af9ff370ff4c54e5c00ef16c7931ea4c') in 0.005516 seconds
  Import took 0.009492 seconds .

========================================================================
Received Import Request.
  Time since last request: 0.000423 seconds.
  path: Assets/Prefabs/Player.prefab
  artifactKey: Guid(987d31774e7b32f46a5be23f1502d7e5) Importer(815301076,1909f56bfc062723c751e8b465ee728b)
Start importing Assets/Prefabs/Player.prefab using Guid(987d31774e7b32f46a5be23f1502d7e5) Importer(815301076,1909f56bfc062723c751e8b465ee728b)  -> (artifact id: '67a791a39741b61bf887933446da0872') in 0.022988 seconds
  Import took 0.028995 seconds .

========================================================================
Received Import Request.
  Time since last request: 0.000387 seconds.
  path: Assets/Prefabs/ME.prefab
  artifactKey: Guid(77a659af691116b4ca80ac6be3497551) Importer(815301076,1909f56bfc062723c751e8b465ee728b)
Start importing Assets/Prefabs/ME.prefab using Guid(77a659af691116b4ca80ac6be3497551) Importer(815301076,1909f56bfc062723c751e8b465ee728b)  -> (artifact id: 'c68480618adefcc3738923099cff7988') in 0.005812 seconds
  Import took 0.011153 seconds .

========================================================================
Received Import Request.
  Time since last request: 21.864470 seconds.
  path: Assets/Prefabs/Player.prefab
  artifactKey: Guid(987d31774e7b32f46a5be23f1502d7e5) Importer(815301076,1909f56bfc062723c751e8b465ee728b)
Start importing Assets/Prefabs/Player.prefab using Guid(987d31774e7b32f46a5be23f1502d7e5) Importer(815301076,1909f56bfc062723c751e8b465ee728b)  -> (artifact id: '7eef74c6fa9586537f98f545e66813cd') in 0.032802 seconds
  Import took 0.037367 seconds .

========================================================================
Received Import Request.
  Time since last request: 4.960534 seconds.
  path: Assets/Prefabs/Player.prefab
  artifactKey: Guid(987d31774e7b32f46a5be23f1502d7e5) Importer(815301076,1909f56bfc062723c751e8b465ee728b)
Start importing Assets/Prefabs/Player.prefab using Guid(987d31774e7b32f46a5be23f1502d7e5) Importer(815301076,1909f56bfc062723c751e8b465ee728b)  -> (artifact id: '1b7ef05fec25da63155d6f27adc5a305') in 0.017146 seconds
  Import took 0.021787 seconds .

========================================================================
Received Import Request.
  Time since last request: 1.181365 seconds.
  path: Assets/Prefabs/Player.prefab
  artifactKey: Guid(987d31774e7b32f46a5be23f1502d7e5) Importer(815301076,1909f56bfc062723c751e8b465ee728b)
Start importing Assets/Prefabs/Player.prefab using Guid(987d31774e7b32f46a5be23f1502d7e5) Importer(815301076,1909f56bfc062723c751e8b465ee728b)  -> (artifact id: '3f79031e33475b5b8e05c17b013affc4') in 0.018848 seconds
  Import took 0.022958 seconds .

========================================================================
Received Import Request.
  Time since last request: 2.207705 seconds.
  path: Assets/Prefabs/Player.prefab
  artifactKey: Guid(987d31774e7b32f46a5be23f1502d7e5) Importer(815301076,1909f56bfc062723c751e8b465ee728b)
Start importing Assets/Prefabs/Player.prefab using Guid(987d31774e7b32f46a5be23f1502d7e5) Importer(815301076,1909f56bfc062723c751e8b465ee728b)  -> (artifact id: 'e155297004c72c1dd5852548cd2b3288') in 0.018784 seconds
  Import took 0.023348 seconds .

========================================================================
Received Import Request.
  Time since last request: 6.229271 seconds.
  path: Assets/Prefabs/Player.prefab
  artifactKey: Guid(987d31774e7b32f46a5be23f1502d7e5) Importer(815301076,1909f56bfc062723c751e8b465ee728b)
Start importing Assets/Prefabs/Player.prefab using Guid(987d31774e7b32f46a5be23f1502d7e5) Importer(815301076,1909f56bfc062723c751e8b465ee728b)  -> (artifact id: '73352969e2fddc149a7d720b960ce1bb') in 0.014825 seconds
  Import took 0.019640 seconds .

========================================================================
Received Import Request.
  Time since last request: 3.859162 seconds.
  path: Assets/Prefabs/Player.prefab
  artifactKey: Guid(987d31774e7b32f46a5be23f1502d7e5) Importer(815301076,1909f56bfc062723c751e8b465ee728b)
Start importing Assets/Prefabs/Player.prefab using Guid(987d31774e7b32f46a5be23f1502d7e5) Importer(815301076,1909f56bfc062723c751e8b465ee728b)  -> (artifact id: 'f75caf3c565c5b3814dff3cdcefd0ae8') in 0.019320 seconds
  Import took 0.024709 seconds .

========================================================================
Received Import Request.
  Time since last request: 2.152393 seconds.
  path: Assets/Prefabs/Player.prefab
  artifactKey: Guid(987d31774e7b32f46a5be23f1502d7e5) Importer(815301076,1909f56bfc062723c751e8b465ee728b)
Start importing Assets/Prefabs/Player.prefab using Guid(987d31774e7b32f46a5be23f1502d7e5) Importer(815301076,1909f56bfc062723c751e8b465ee728b)  -> (artifact id: 'fafc82c86d016cbd8e0784f0bb7a35ae') in 0.017290 seconds
  Import took 0.020792 seconds .

========================================================================
Received Import Request.
  Time since last request: 2.822510 seconds.
  path: Assets/Prefabs/Player.prefab
  artifactKey: Guid(987d31774e7b32f46a5be23f1502d7e5) Importer(815301076,1909f56bfc062723c751e8b465ee728b)
Start importing Assets/Prefabs/Player.prefab using Guid(987d31774e7b32f46a5be23f1502d7e5) Importer(815301076,1909f56bfc062723c751e8b465ee728b)  -> (artifact id: '07887ba69aacaa0ecb3e2aa2841e833f') in 0.018129 seconds
  Import took 0.022732 seconds .

========================================================================
Received Import Request.
  Time since last request: 76.552640 seconds.
  path: Assets/Prefabs/Player.prefab
  artifactKey: Guid(987d31774e7b32f46a5be23f1502d7e5) Importer(815301076,1909f56bfc062723c751e8b465ee728b)
Start importing Assets/Prefabs/Player.prefab using Guid(987d31774e7b32f46a5be23f1502d7e5) Importer(815301076,1909f56bfc062723c751e8b465ee728b)  -> (artifact id: 'c339e97eaddf7ef8f62aa7c574a0be93') in 0.018530 seconds
  Import took 0.023376 seconds .

========================================================================
Received Import Request.
  Time since last request: 7.905012 seconds.
  path: Assets/Prefabs/Player.prefab
  artifactKey: Guid(987d31774e7b32f46a5be23f1502d7e5) Importer(815301076,1909f56bfc062723c751e8b465ee728b)
Start importing Assets/Prefabs/Player.prefab using Guid(987d31774e7b32f46a5be23f1502d7e5) Importer(815301076,1909f56bfc062723c751e8b465ee728b)  -> (artifact id: 'dfe0b05493f5ba2f1fff9c34e27f254f') in 0.023456 seconds
  Import took 0.029558 seconds .

========================================================================
Received Import Request.
  Time since last request: 32.267885 seconds.
  path: Assets/Prefabs/Player.prefab
  artifactKey: Guid(987d31774e7b32f46a5be23f1502d7e5) Importer(815301076,1909f56bfc062723c751e8b465ee728b)
Start importing Assets/Prefabs/Player.prefab using Guid(987d31774e7b32f46a5be23f1502d7e5) Importer(815301076,1909f56bfc062723c751e8b465ee728b)  -> (artifact id: '1ac9648eda32016230196dbc32d19b70') in 0.014123 seconds
  Import took 0.019007 seconds .

========================================================================
Received Import Request.
  Time since last request: 1.783272 seconds.
  path: Assets/Prefabs/Player.prefab
  artifactKey: Guid(987d31774e7b32f46a5be23f1502d7e5) Importer(815301076,1909f56bfc062723c751e8b465ee728b)
Start importing Assets/Prefabs/Player.prefab using Guid(987d31774e7b32f46a5be23f1502d7e5) Importer(815301076,1909f56bfc062723c751e8b465ee728b)  -> (artifact id: '6af12a5d6f25a5750e26be5d0f3e636a') in 0.014465 seconds
  Import took 0.019641 seconds .

========================================================================
Received Import Request.
  Time since last request: 4.052934 seconds.
  path: Assets/Prefabs/Player.prefab
  artifactKey: Guid(987d31774e7b32f46a5be23f1502d7e5) Importer(815301076,1909f56bfc062723c751e8b465ee728b)
Start importing Assets/Prefabs/Player.prefab using Guid(987d31774e7b32f46a5be23f1502d7e5) Importer(815301076,1909f56bfc062723c751e8b465ee728b)  -> (artifact id: '2a6f2a6a129563ee18686b26ff20ab6f') in 0.015157 seconds
  Import took 0.020360 seconds .

========================================================================
Received Import Request.
  Time since last request: 2.613027 seconds.
  path: Assets/Prefabs/Player.prefab
  artifactKey: Guid(987d31774e7b32f46a5be23f1502d7e5) Importer(815301076,1909f56bfc062723c751e8b465ee728b)
Start importing Assets/Prefabs/Player.prefab using Guid(987d31774e7b32f46a5be23f1502d7e5) Importer(815301076,1909f56bfc062723c751e8b465ee728b)  -> (artifact id: '9067c988ae22b1f987821333692f2214') in 0.016907 seconds
  Import took 0.022278 seconds .

========================================================================
Received Import Request.
  Time since last request: 4.836248 seconds.
  path: Assets/Prefabs/Player.prefab
  artifactKey: Guid(987d31774e7b32f46a5be23f1502d7e5) Importer(815301076,1909f56bfc062723c751e8b465ee728b)
Start importing Assets/Prefabs/Player.prefab using Guid(987d31774e7b32f46a5be23f1502d7e5) Importer(815301076,1909f56bfc062723c751e8b465ee728b)  -> (artifact id: '181e529f1769a3e13ae3404420862301') in 0.016172 seconds
  Import took 0.021281 seconds .

========================================================================
Received Import Request.
  Time since last request: 1.384720 seconds.
  path: Assets/Prefabs/Player.prefab
  artifactKey: Guid(987d31774e7b32f46a5be23f1502d7e5) Importer(815301076,1909f56bfc062723c751e8b465ee728b)
Start importing Assets/Prefabs/Player.prefab using Guid(987d31774e7b32f46a5be23f1502d7e5) Importer(815301076,1909f56bfc062723c751e8b465ee728b)  -> (artifact id: '2482ffe0202acdfeafb914a20c7f53e5') in 0.020818 seconds
  Import took 0.028361 seconds .

========================================================================
Received Import Request.
  Time since last request: 732.370293 seconds.
  path: Assets/Prefabs/GameObject.prefab
  artifactKey: Guid(09cb84f23242b434d8f2c8383b266f75) Importer(815301076,1909f56bfc062723c751e8b465ee728b)
Start importing Assets/Prefabs/GameObject.prefab using Guid(09cb84f23242b434d8f2c8383b266f75) Importer(815301076,1909f56bfc062723c751e8b465ee728b)  -> (artifact id: '4fefe6a2554856d219c7c7217cc850d4') in 0.027996 seconds
  Import took 0.046168 seconds .

========================================================================
Received Import Request.
  Time since last request: 0.004907 seconds.
  path: Assets/Prefabs/GameObject.prefab
  artifactKey: Guid(09cb84f23242b434d8f2c8383b266f75) Importer(815301076,1909f56bfc062723c751e8b465ee728b)
Start importing Assets/Prefabs/GameObject.prefab using Guid(09cb84f23242b434d8f2c8383b266f75) Importer(815301076,1909f56bfc062723c751e8b465ee728b)  -> (artifact id: '4fefe6a2554856d219c7c7217cc850d4') in 0.010218 seconds
  Import took 0.014023 seconds .

========================================================================
Received Prepare
Registering precompiled user dll's ...
Registered in 0.000744 seconds.
Begin MonoManager ReloadAssembly
Native extension for WindowsStandalone target not found
Refreshing native plugins compatible for Editor in 0.37 ms, found 0 plugins.
Preloading 0 native plugins for Editor in 0.00 ms.
Warning: Annotation not found!
UnityEngine.StackTraceUtility:ExtractStackTrace ()
UnityEditor.ProBuilder.EditorUtility:SetGizmoIconEnabled (System.Type,bool) (at E:/MemoryFolder/Creacio_Jocs/Unity_Projects/Try/VaAnemi/Library/PackageCache/com.unity.probuilder@4.5.0/Editor/EditorCore/EditorUtility.cs:593)
UnityEditor.ProBuilder.HierarchyListener:.cctor () (at E:/MemoryFolder/Creacio_Jocs/Unity_Projects/Try/VaAnemi/Library/PackageCache/com.unity.probuilder@4.5.0/Editor/EditorCore/HierarchyListener.cs:21)
System.Runtime.CompilerServices.RuntimeHelpers:RunClassConstructor (System.RuntimeTypeHandle)
UnityEditor.EditorAssemblies:ProcessInitializeOnLoadAttributes (System.Type[])

[E:/MemoryFolder/Creacio_Jocs/Unity_Projects/Try/VaAnemi/Library/PackageCache/com.unity.probuilder@4.5.0/Editor/EditorCore/EditorUtility.cs line 593]

Mono: successfully reloaded assembly
- Completed reload, in  1.279 seconds
Platform modules already initialized, skipping
Refreshing native plugins compatible for Editor in 0.33 ms, found 0 plugins.
Preloading 0 native plugins for Editor in 0.00 ms.
Unloading 1601 Unused Serialized files (Serialized files now loaded: 0)
System memory in use before: 79.2 MB.
System memory in use after: 79.3 MB.

Unloading 8 unused Assets to reduce memory usage. Loaded Objects now: 2085.
Total: 2.372200 ms (FindLiveObjects: 0.165600 ms CreateObjectMapping: 0.055700 ms MarkObjects: 2.062800 ms  DeleteObjects: 0.087000 ms)

========================================================================
Received Prepare
Registering precompiled user dll's ...
Registered in 0.000802 seconds.
Begin MonoManager ReloadAssembly
Native extension for WindowsStandalone target not found
Refreshing native plugins compatible for Editor in 0.37 ms, found 0 plugins.
Preloading 0 native plugins for Editor in 0.00 ms.
Warning: Annotation not found!
UnityEngine.StackTraceUtility:ExtractStackTrace ()
UnityEditor.ProBuilder.EditorUtility:SetGizmoIconEnabled (System.Type,bool) (at E:/MemoryFolder/Creacio_Jocs/Unity_Projects/Try/VaAnemi/Library/PackageCache/com.unity.probuilder@4.5.0/Editor/EditorCore/EditorUtility.cs:593)
UnityEditor.ProBuilder.HierarchyListener:.cctor () (at E:/MemoryFolder/Creacio_Jocs/Unity_Projects/Try/VaAnemi/Library/PackageCache/com.unity.probuilder@4.5.0/Editor/EditorCore/HierarchyListener.cs:21)
System.Runtime.CompilerServices.RuntimeHelpers:RunClassConstructor (System.RuntimeTypeHandle)
UnityEditor.EditorAssemblies:ProcessInitializeOnLoadAttributes (System.Type[])

[E:/MemoryFolder/Creacio_Jocs/Unity_Projects/Try/VaAnemi/Library/PackageCache/com.unity.probuilder@4.5.0/Editor/EditorCore/EditorUtility.cs line 593]

Mono: successfully reloaded assembly
- Completed reload, in  1.168 seconds
Platform modules already initialized, skipping
Refreshing native plugins compatible for Editor in 0.36 ms, found 0 plugins.
Preloading 0 native plugins for Editor in 0.00 ms.
Unloading 1602 Unused Serialized files (Serialized files now loaded: 0)
System memory in use before: 79.3 MB.
System memory in use after: 79.3 MB.

Unloading 7 unused Assets to reduce memory usage. Loaded Objects now: 2089.
Total: 6.421000 ms (FindLiveObjects: 0.412700 ms CreateObjectMapping: 0.172000 ms MarkObjects: 5.634400 ms  DeleteObjects: 0.199700 ms)

========================================================================
Received Prepare
Registering precompiled user dll's ...
Registered in 0.000744 seconds.
Begin MonoManager ReloadAssembly
Native extension for WindowsStandalone target not found
Refreshing native plugins compatible for Editor in 0.49 ms, found 0 plugins.
Preloading 0 native plugins for Editor in 0.00 ms.
Warning: Annotation not found!
UnityEngine.StackTraceUtility:ExtractStackTrace ()
UnityEditor.ProBuilder.EditorUtility:SetGizmoIconEnabled (System.Type,bool) (at E:/MemoryFolder/Creacio_Jocs/Unity_Projects/Try/VaAnemi/Library/PackageCache/com.unity.probuilder@4.5.0/Editor/EditorCore/EditorUtility.cs:593)
UnityEditor.ProBuilder.HierarchyListener:.cctor () (at E:/MemoryFolder/Creacio_Jocs/Unity_Projects/Try/VaAnemi/Library/PackageCache/com.unity.probuilder@4.5.0/Editor/EditorCore/HierarchyListener.cs:21)
System.Runtime.CompilerServices.RuntimeHelpers:RunClassConstructor (System.RuntimeTypeHandle)
UnityEditor.EditorAssemblies:ProcessInitializeOnLoadAttributes (System.Type[])

[E:/MemoryFolder/Creacio_Jocs/Unity_Projects/Try/VaAnemi/Library/PackageCache/com.unity.probuilder@4.5.0/Editor/EditorCore/EditorUtility.cs line 593]

Mono: successfully reloaded assembly
- Completed reload, in  1.253 seconds
Platform modules already initialized, skipping
Refreshing native plugins compatible for Editor in 0.32 ms, found 0 plugins.
Preloading 0 native plugins for Editor in 0.00 ms.
Unloading 1602 Unused Serialized files (Serialized files now loaded: 0)
System memory in use before: 79.3 MB.
System memory in use after: 79.4 MB.

Unloading 7 unused Assets to reduce memory usage. Loaded Objects now: 2092.
Total: 2.562900 ms (FindLiveObjects: 0.155400 ms CreateObjectMapping: 0.053400 ms MarkObjects: 2.141800 ms  DeleteObjects: 0.211500 ms)

========================================================================
Received Prepare
Registering precompiled user dll's ...
Registered in 0.000947 seconds.
Begin MonoManager ReloadAssembly
Native extension for WindowsStandalone target not found
Refreshing native plugins compatible for Editor in 0.38 ms, found 0 plugins.
Preloading 0 native plugins for Editor in 0.00 ms.
Warning: Annotation not found!
UnityEngine.StackTraceUtility:ExtractStackTrace ()
UnityEditor.ProBuilder.EditorUtility:SetGizmoIconEnabled (System.Type,bool) (at E:/MemoryFolder/Creacio_Jocs/Unity_Projects/Try/VaAnemi/Library/PackageCache/com.unity.probuilder@4.5.0/Editor/EditorCore/EditorUtility.cs:593)
UnityEditor.ProBuilder.HierarchyListener:.cctor () (at E:/MemoryFolder/Creacio_Jocs/Unity_Projects/Try/VaAnemi/Library/PackageCache/com.unity.probuilder@4.5.0/Editor/EditorCore/HierarchyListener.cs:21)
System.Runtime.CompilerServices.RuntimeHelpers:RunClassConstructor (System.RuntimeTypeHandle)
UnityEditor.EditorAssemblies:ProcessInitializeOnLoadAttributes (System.Type[])

[E:/MemoryFolder/Creacio_Jocs/Unity_Projects/Try/VaAnemi/Library/PackageCache/com.unity.probuilder@4.5.0/Editor/EditorCore/EditorUtility.cs line 593]

Mono: successfully reloaded assembly
- Completed reload, in  1.188 seconds
Platform modules already initialized, skipping
Refreshing native plugins compatible for Editor in 0.29 ms, found 0 plugins.
Preloading 0 native plugins for Editor in 0.00 ms.
Unloading 1602 Unused Serialized files (Serialized files now loaded: 0)
System memory in use before: 79.3 MB.
System memory in use after: 79.4 MB.

Unloading 7 unused Assets to reduce memory usage. Loaded Objects now: 2095.
Total: 2.549800 ms (FindLiveObjects: 0.150700 ms CreateObjectMapping: 0.071400 ms MarkObjects: 2.208900 ms  DeleteObjects: 0.117900 ms)

========================================================================
Received Prepare
Registering precompiled user dll's ...
Registered in 0.000755 seconds.
Begin MonoManager ReloadAssembly
Native extension for WindowsStandalone target not found
Refreshing native plugins compatible for Editor in 0.29 ms, found 0 plugins.
Preloading 0 native plugins for Editor in 0.00 ms.
Warning: Annotation not found!
UnityEngine.StackTraceUtility:ExtractStackTrace ()
UnityEditor.ProBuilder.EditorUtility:SetGizmoIconEnabled (System.Type,bool) (at E:/MemoryFolder/Creacio_Jocs/Unity_Projects/Try/VaAnemi/Library/PackageCache/com.unity.probuilder@4.5.0/Editor/EditorCore/EditorUtility.cs:593)
UnityEditor.ProBuilder.HierarchyListener:.cctor () (at E:/MemoryFolder/Creacio_Jocs/Unity_Projects/Try/VaAnemi/Library/PackageCache/com.unity.probuilder@4.5.0/Editor/EditorCore/HierarchyListener.cs:21)
System.Runtime.CompilerServices.RuntimeHelpers:RunClassConstructor (System.RuntimeTypeHandle)
UnityEditor.EditorAssemblies:ProcessInitializeOnLoadAttributes (System.Type[])

[E:/MemoryFolder/Creacio_Jocs/Unity_Projects/Try/VaAnemi/Library/PackageCache/com.unity.probuilder@4.5.0/Editor/EditorCore/EditorUtility.cs line 593]

Mono: successfully reloaded assembly
- Completed reload, in  1.208 seconds
Platform modules already initialized, skipping
Refreshing native plugins compatible for Editor in 0.36 ms, found 0 plugins.
Preloading 0 native plugins for Editor in 0.00 ms.
Unloading 1602 Unused Serialized files (Serialized files now loaded: 0)
System memory in use before: 79.4 MB.
System memory in use after: 79.4 MB.

Unloading 7 unused Assets to reduce memory usage. Loaded Objects now: 2098.
Total: 2.661900 ms (FindLiveObjects: 0.256600 ms CreateObjectMapping: 0.066400 ms MarkObjects: 2.212700 ms  DeleteObjects: 0.125300 ms)

========================================================================
Received Prepare
Registering precompiled user dll's ...
Registered in 0.001237 seconds.
Begin MonoManager ReloadAssembly
Native extension for WindowsStandalone target not found
Refreshing native plugins compatible for Editor in 0.29 ms, found 0 plugins.
Preloading 0 native plugins for Editor in 0.00 ms.
Warning: Annotation not found!
UnityEngine.StackTraceUtility:ExtractStackTrace ()
UnityEditor.ProBuilder.EditorUtility:SetGizmoIconEnabled (System.Type,bool) (at E:/MemoryFolder/Creacio_Jocs/Unity_Projects/Try/VaAnemi/Library/PackageCache/com.unity.probuilder@4.5.0/Editor/EditorCore/EditorUtility.cs:593)
UnityEditor.ProBuilder.HierarchyListener:.cctor () (at E:/MemoryFolder/Creacio_Jocs/Unity_Projects/Try/VaAnemi/Library/PackageCache/com.unity.probuilder@4.5.0/Editor/EditorCore/HierarchyListener.cs:21)
System.Runtime.CompilerServices.RuntimeHelpers:RunClassConstructor (System.RuntimeTypeHandle)
UnityEditor.EditorAssemblies:ProcessInitializeOnLoadAttributes (System.Type[])

[E:/MemoryFolder/Creacio_Jocs/Unity_Projects/Try/VaAnemi/Library/PackageCache/com.unity.probuilder@4.5.0/Editor/EditorCore/EditorUtility.cs line 593]

Mono: successfully reloaded assembly
- Completed reload, in  1.206 seconds
Platform modules already initialized, skipping
Refreshing native plugins compatible for Editor in 0.31 ms, found 0 plugins.
Preloading 0 native plugins for Editor in 0.00 ms.
Unloading 1602 Unused Serialized files (Serialized files now loaded: 0)
System memory in use before: 79.3 MB.
System memory in use after: 79.4 MB.

Unloading 7 unused Assets to reduce memory usage. Loaded Objects now: 2101.
Total: 2.706900 ms (FindLiveObjects: 0.154500 ms CreateObjectMapping: 0.047600 ms MarkObjects: 2.343500 ms  DeleteObjects: 0.160300 ms)

========================================================================
Received Prepare
Registering precompiled user dll's ...
Registered in 0.000742 seconds.
Begin MonoManager ReloadAssembly
Native extension for WindowsStandalone target not found
Refreshing native plugins compatible for Editor in 0.30 ms, found 0 plugins.
Preloading 0 native plugins for Editor in 0.00 ms.
Warning: Annotation not found!
UnityEngine.StackTraceUtility:ExtractStackTrace ()
UnityEditor.ProBuilder.EditorUtility:SetGizmoIconEnabled (System.Type,bool) (at E:/MemoryFolder/Creacio_Jocs/Unity_Projects/Try/VaAnemi/Library/PackageCache/com.unity.probuilder@4.5.0/Editor/EditorCore/EditorUtility.cs:593)
UnityEditor.ProBuilder.HierarchyListener:.cctor () (at E:/MemoryFolder/Creacio_Jocs/Unity_Projects/Try/VaAnemi/Library/PackageCache/com.unity.probuilder@4.5.0/Editor/EditorCore/HierarchyListener.cs:21)
System.Runtime.CompilerServices.RuntimeHelpers:RunClassConstructor (System.RuntimeTypeHandle)
UnityEditor.EditorAssemblies:ProcessInitializeOnLoadAttributes (System.Type[])

[E:/MemoryFolder/Creacio_Jocs/Unity_Projects/Try/VaAnemi/Library/PackageCache/com.unity.probuilder@4.5.0/Editor/EditorCore/EditorUtility.cs line 593]

Mono: successfully reloaded assembly
- Completed reload, in  1.220 seconds
Platform modules already initialized, skipping
Refreshing native plugins compatible for Editor in 0.31 ms, found 0 plugins.
Preloading 0 native plugins for Editor in 0.00 ms.
Unloading 1602 Unused Serialized files (Serialized files now loaded: 0)
System memory in use before: 79.4 MB.
System memory in use after: 79.4 MB.

Unloading 7 unused Assets to reduce memory usage. Loaded Objects now: 2104.
Total: 2.950100 ms (FindLiveObjects: 0.148800 ms CreateObjectMapping: 0.048200 ms MarkObjects: 2.599900 ms  DeleteObjects: 0.152000 ms)

========================================================================
Received Prepare
Registering precompiled user dll's ...
Registered in 0.000838 seconds.
Begin MonoManager ReloadAssembly
Native extension for WindowsStandalone target not found
Refreshing native plugins compatible for Editor in 0.29 ms, found 0 plugins.
Preloading 0 native plugins for Editor in 0.00 ms.
Warning: Annotation not found!
UnityEngine.StackTraceUtility:ExtractStackTrace ()
UnityEditor.ProBuilder.EditorUtility:SetGizmoIconEnabled (System.Type,bool) (at E:/MemoryFolder/Creacio_Jocs/Unity_Projects/Try/VaAnemi/Library/PackageCache/com.unity.probuilder@4.5.0/Editor/EditorCore/EditorUtility.cs:593)
UnityEditor.ProBuilder.HierarchyListener:.cctor () (at E:/MemoryFolder/Creacio_Jocs/Unity_Projects/Try/VaAnemi/Library/PackageCache/com.unity.probuilder@4.5.0/Editor/EditorCore/HierarchyListener.cs:21)
System.Runtime.CompilerServices.RuntimeHelpers:RunClassConstructor (System.RuntimeTypeHandle)
UnityEditor.EditorAssemblies:ProcessInitializeOnLoadAttributes (System.Type[])

[E:/MemoryFolder/Creacio_Jocs/Unity_Projects/Try/VaAnemi/Library/PackageCache/com.unity.probuilder@4.5.0/Editor/EditorCore/EditorUtility.cs line 593]

Mono: successfully reloaded assembly
- Completed reload, in  1.249 seconds
Platform modules already initialized, skipping
Refreshing native plugins compatible for Editor in 0.29 ms, found 0 plugins.
Preloading 0 native plugins for Editor in 0.00 ms.
Unloading 1602 Unused Serialized files (Serialized files now loaded: 0)
System memory in use before: 79.4 MB.
System memory in use after: 79.4 MB.

Unloading 7 unused Assets to reduce memory usage. Loaded Objects now: 2107.
Total: 2.619100 ms (FindLiveObjects: 0.150400 ms CreateObjectMapping: 0.046900 ms MarkObjects: 2.261500 ms  DeleteObjects: 0.159400 ms)

========================================================================
Received Prepare
Registering precompiled user dll's ...
Registered in 0.000885 seconds.
Begin MonoManager ReloadAssembly
Native extension for WindowsStandalone target not found
Refreshing native plugins compatible for Editor in 0.29 ms, found 0 plugins.
Preloading 0 native plugins for Editor in 0.00 ms.
Warning: Annotation not found!
UnityEngine.StackTraceUtility:ExtractStackTrace ()
UnityEditor.ProBuilder.EditorUtility:SetGizmoIconEnabled (System.Type,bool) (at E:/MemoryFolder/Creacio_Jocs/Unity_Projects/Try/VaAnemi/Library/PackageCache/com.unity.probuilder@4.5.0/Editor/EditorCore/EditorUtility.cs:593)
UnityEditor.ProBuilder.HierarchyListener:.cctor () (at E:/MemoryFolder/Creacio_Jocs/Unity_Projects/Try/VaAnemi/Library/PackageCache/com.unity.probuilder@4.5.0/Editor/EditorCore/HierarchyListener.cs:21)
System.Runtime.CompilerServices.RuntimeHelpers:RunClassConstructor (System.RuntimeTypeHandle)
UnityEditor.EditorAssemblies:ProcessInitializeOnLoadAttributes (System.Type[])

[E:/MemoryFolder/Creacio_Jocs/Unity_Projects/Try/VaAnemi/Library/PackageCache/com.unity.probuilder@4.5.0/Editor/EditorCore/EditorUtility.cs line 593]

Mono: successfully reloaded assembly
- Completed reload, in  1.189 seconds
Platform modules already initialized, skipping
Refreshing native plugins compatible for Editor in 0.34 ms, found 0 plugins.
Preloading 0 native plugins for Editor in 0.00 ms.
Unloading 1602 Unused Serialized files (Serialized files now loaded: 0)
System memory in use before: 79.4 MB.
System memory in use after: 79.4 MB.

Unloading 7 unused Assets to reduce memory usage. Loaded Objects now: 2110.
Total: 2.761200 ms (FindLiveObjects: 0.178800 ms CreateObjectMapping: 0.096900 ms MarkObjects: 2.387400 ms  DeleteObjects: 0.096700 ms)

========================================================================
Received Prepare
Registering precompiled user dll's ...
Registered in 0.000795 seconds.
Begin MonoManager ReloadAssembly
Native extension for WindowsStandalone target not found
Refreshing native plugins compatible for Editor in 0.29 ms, found 0 plugins.
Preloading 0 native plugins for Editor in 0.00 ms.
Warning: Annotation not found!
UnityEngine.StackTraceUtility:ExtractStackTrace ()
UnityEditor.ProBuilder.EditorUtility:SetGizmoIconEnabled (System.Type,bool) (at E:/MemoryFolder/Creacio_Jocs/Unity_Projects/Try/VaAnemi/Library/PackageCache/com.unity.probuilder@4.5.0/Editor/EditorCore/EditorUtility.cs:593)
UnityEditor.ProBuilder.HierarchyListener:.cctor () (at E:/MemoryFolder/Creacio_Jocs/Unity_Projects/Try/VaAnemi/Library/PackageCache/com.unity.probuilder@4.5.0/Editor/EditorCore/HierarchyListener.cs:21)
System.Runtime.CompilerServices.RuntimeHelpers:RunClassConstructor (System.RuntimeTypeHandle)
UnityEditor.EditorAssemblies:ProcessInitializeOnLoadAttributes (System.Type[])

[E:/MemoryFolder/Creacio_Jocs/Unity_Projects/Try/VaAnemi/Library/PackageCache/com.unity.probuilder@4.5.0/Editor/EditorCore/EditorUtility.cs line 593]

Mono: successfully reloaded assembly
- Completed reload, in  1.258 seconds
Platform modules already initialized, skipping
Refreshing native plugins compatible for Editor in 0.35 ms, found 0 plugins.
Preloading 0 native plugins for Editor in 0.00 ms.
Unloading 1602 Unused Serialized files (Serialized files now loaded: 0)
System memory in use before: 79.4 MB.
System memory in use after: 79.4 MB.

Unloading 7 unused Assets to reduce memory usage. Loaded Objects now: 2113.
Total: 3.253900 ms (FindLiveObjects: 0.210100 ms CreateObjectMapping: 0.058600 ms MarkObjects: 2.849700 ms  DeleteObjects: 0.134400 ms)

========================================================================
Received Prepare
Registering precompiled user dll's ...
Registered in 0.002530 seconds.
Begin MonoManager ReloadAssembly
Native extension for WindowsStandalone target not found
Refreshing native plugins compatible for Editor in 0.60 ms, found 0 plugins.
Preloading 0 native plugins for Editor in 0.00 ms.
Warning: Annotation not found!
UnityEngine.StackTraceUtility:ExtractStackTrace ()
UnityEditor.ProBuilder.EditorUtility:SetGizmoIconEnabled (System.Type,bool) (at E:/MemoryFolder/Creacio_Jocs/Unity_Projects/Try/VaAnemi/Library/PackageCache/com.unity.probuilder@4.5.0/Editor/EditorCore/EditorUtility.cs:593)
UnityEditor.ProBuilder.HierarchyListener:.cctor () (at E:/MemoryFolder/Creacio_Jocs/Unity_Projects/Try/VaAnemi/Library/PackageCache/com.unity.probuilder@4.5.0/Editor/EditorCore/HierarchyListener.cs:21)
System.Runtime.CompilerServices.RuntimeHelpers:RunClassConstructor (System.RuntimeTypeHandle)
UnityEditor.EditorAssemblies:ProcessInitializeOnLoadAttributes (System.Type[])

[E:/MemoryFolder/Creacio_Jocs/Unity_Projects/Try/VaAnemi/Library/PackageCache/com.unity.probuilder@4.5.0/Editor/EditorCore/EditorUtility.cs line 593]

Mono: successfully reloaded assembly
- Completed reload, in  1.879 seconds
Platform modules already initialized, skipping
Refreshing native plugins compatible for Editor in 0.31 ms, found 0 plugins.
Preloading 0 native plugins for Editor in 0.00 ms.
Unloading 1602 Unused Serialized files (Serialized files now loaded: 0)
System memory in use before: 79.4 MB.
System memory in use after: 79.4 MB.

Unloading 7 unused Assets to reduce memory usage. Loaded Objects now: 2116.
Total: 5.348000 ms (FindLiveObjects: 0.452300 ms CreateObjectMapping: 0.641500 ms MarkObjects: 4.135100 ms  DeleteObjects: 0.117200 ms)

========================================================================
Received Prepare
Registering precompiled user dll's ...
Registered in 0.000728 seconds.
Begin MonoManager ReloadAssembly
Native extension for WindowsStandalone target not found
Refreshing native plugins compatible for Editor in 0.35 ms, found 0 plugins.
Preloading 0 native plugins for Editor in 0.00 ms.
Warning: Annotation not found!
UnityEngine.StackTraceUtility:ExtractStackTrace ()
UnityEditor.ProBuilder.EditorUtility:SetGizmoIconEnabled (System.Type,bool) (at E:/MemoryFolder/Creacio_Jocs/Unity_Projects/Try/VaAnemi/Library/PackageCache/com.unity.probuilder@4.5.0/Editor/EditorCore/EditorUtility.cs:593)
UnityEditor.ProBuilder.HierarchyListener:.cctor () (at E:/MemoryFolder/Creacio_Jocs/Unity_Projects/Try/VaAnemi/Library/PackageCache/com.unity.probuilder@4.5.0/Editor/EditorCore/HierarchyListener.cs:21)
System.Runtime.CompilerServices.RuntimeHelpers:RunClassConstructor (System.RuntimeTypeHandle)
UnityEditor.EditorAssemblies:ProcessInitializeOnLoadAttributes (System.Type[])

[E:/MemoryFolder/Creacio_Jocs/Unity_Projects/Try/VaAnemi/Library/PackageCache/com.unity.probuilder@4.5.0/Editor/EditorCore/EditorUtility.cs line 593]

Mono: successfully reloaded assembly
- Completed reload, in  1.229 seconds
Platform modules already initialized, skipping
Refreshing native plugins compatible for Editor in 0.41 ms, found 0 plugins.
Preloading 0 native plugins for Editor in 0.00 ms.
Unloading 1602 Unused Serialized files (Serialized files now loaded: 0)
System memory in use before: 79.4 MB.
System memory in use after: 79.4 MB.

Unloading 7 unused Assets to reduce memory usage. Loaded Objects now: 2119.
Total: 2.346700 ms (FindLiveObjects: 0.160400 ms CreateObjectMapping: 0.053600 ms MarkObjects: 1.994600 ms  DeleteObjects: 0.137300 ms)

========================================================================
Received Prepare
Registering precompiled user dll's ...
Registered in 0.000927 seconds.
Begin MonoManager ReloadAssembly
Native extension for WindowsStandalone target not found
Refreshing native plugins compatible for Editor in 0.31 ms, found 0 plugins.
Preloading 0 native plugins for Editor in 0.00 ms.
Warning: Annotation not found!
UnityEngine.StackTraceUtility:ExtractStackTrace ()
UnityEditor.ProBuilder.EditorUtility:SetGizmoIconEnabled (System.Type,bool) (at E:/MemoryFolder/Creacio_Jocs/Unity_Projects/Try/VaAnemi/Library/PackageCache/com.unity.probuilder@4.5.0/Editor/EditorCore/EditorUtility.cs:593)
UnityEditor.ProBuilder.HierarchyListener:.cctor () (at E:/MemoryFolder/Creacio_Jocs/Unity_Projects/Try/VaAnemi/Library/PackageCache/com.unity.probuilder@4.5.0/Editor/EditorCore/HierarchyListener.cs:21)
System.Runtime.CompilerServices.RuntimeHelpers:RunClassConstructor (System.RuntimeTypeHandle)
UnityEditor.EditorAssemblies:ProcessInitializeOnLoadAttributes (System.Type[])

[E:/MemoryFolder/Creacio_Jocs/Unity_Projects/Try/VaAnemi/Library/PackageCache/com.unity.probuilder@4.5.0/Editor/EditorCore/EditorUtility.cs line 593]

Mono: successfully reloaded assembly
- Completed reload, in  1.192 seconds
Platform modules already initialized, skipping
Refreshing native plugins compatible for Editor in 0.32 ms, found 0 plugins.
Preloading 0 native plugins for Editor in 0.00 ms.
Unloading 1602 Unused Serialized files (Serialized files now loaded: 0)
System memory in use before: 79.4 MB.
System memory in use after: 79.4 MB.

Unloading 7 unused Assets to reduce memory usage. Loaded Objects now: 2122.
Total: 2.392700 ms (FindLiveObjects: 0.189100 ms CreateObjectMapping: 0.058000 ms MarkObjects: 2.018100 ms  DeleteObjects: 0.126200 ms)

========================================================================
Received Prepare
Registering precompiled user dll's ...
Registered in 0.000904 seconds.
Begin MonoManager ReloadAssembly
Native extension for WindowsStandalone target not found
Refreshing native plugins compatible for Editor in 0.84 ms, found 0 plugins.
Preloading 0 native plugins for Editor in 0.00 ms.
Warning: Annotation not found!
UnityEngine.StackTraceUtility:ExtractStackTrace ()
UnityEditor.ProBuilder.EditorUtility:SetGizmoIconEnabled (System.Type,bool) (at E:/MemoryFolder/Creacio_Jocs/Unity_Projects/Try/VaAnemi/Library/PackageCache/com.unity.probuilder@4.5.0/Editor/EditorCore/EditorUtility.cs:593)
UnityEditor.ProBuilder.HierarchyListener:.cctor () (at E:/MemoryFolder/Creacio_Jocs/Unity_Projects/Try/VaAnemi/Library/PackageCache/com.unity.probuilder@4.5.0/Editor/EditorCore/HierarchyListener.cs:21)
System.Runtime.CompilerServices.RuntimeHelpers:RunClassConstructor (System.RuntimeTypeHandle)
UnityEditor.EditorAssemblies:ProcessInitializeOnLoadAttributes (System.Type[])

[E:/MemoryFolder/Creacio_Jocs/Unity_Projects/Try/VaAnemi/Library/PackageCache/com.unity.probuilder@4.5.0/Editor/EditorCore/EditorUtility.cs line 593]

Mono: successfully reloaded assembly
- Completed reload, in  1.381 seconds
Platform modules already initialized, skipping
Refreshing native plugins compatible for Editor in 0.35 ms, found 0 plugins.
Preloading 0 native plugins for Editor in 0.00 ms.
Unloading 1602 Unused Serialized files (Serialized files now loaded: 0)
System memory in use before: 79.4 MB.
System memory in use after: 79.4 MB.

Unloading 7 unused Assets to reduce memory usage. Loaded Objects now: 2125.
Total: 2.436400 ms (FindLiveObjects: 0.183500 ms CreateObjectMapping: 0.062100 ms MarkObjects: 2.099400 ms  DeleteObjects: 0.090200 ms)

========================================================================
Received Prepare
Registering precompiled user dll's ...
Registered in 0.000718 seconds.
Begin MonoManager ReloadAssembly
Native extension for WindowsStandalone target not found
Refreshing native plugins compatible for Editor in 0.28 ms, found 0 plugins.
Preloading 0 native plugins for Editor in 0.00 ms.
Warning: Annotation not found!
UnityEngine.StackTraceUtility:ExtractStackTrace ()
UnityEditor.ProBuilder.EditorUtility:SetGizmoIconEnabled (System.Type,bool) (at E:/MemoryFolder/Creacio_Jocs/Unity_Projects/Try/VaAnemi/Library/PackageCache/com.unity.probuilder@4.5.0/Editor/EditorCore/EditorUtility.cs:593)
UnityEditor.ProBuilder.HierarchyListener:.cctor () (at E:/MemoryFolder/Creacio_Jocs/Unity_Projects/Try/VaAnemi/Library/PackageCache/com.unity.probuilder@4.5.0/Editor/EditorCore/HierarchyListener.cs:21)
System.Runtime.CompilerServices.RuntimeHelpers:RunClassConstructor (System.RuntimeTypeHandle)
UnityEditor.EditorAssemblies:ProcessInitializeOnLoadAttributes (System.Type[])

[E:/MemoryFolder/Creacio_Jocs/Unity_Projects/Try/VaAnemi/Library/PackageCache/com.unity.probuilder@4.5.0/Editor/EditorCore/EditorUtility.cs line 593]

Mono: successfully reloaded assembly
- Completed reload, in  1.129 seconds
Platform modules already initialized, skipping
Refreshing native plugins compatible for Editor in 0.48 ms, found 0 plugins.
Preloading 0 native plugins for Editor in 0.00 ms.
Unloading 1602 Unused Serialized files (Serialized files now loaded: 0)
System memory in use before: 79.4 MB.
System memory in use after: 79.4 MB.

Unloading 7 unused Assets to reduce memory usage. Loaded Objects now: 2128.
Total: 4.550300 ms (FindLiveObjects: 0.176900 ms CreateObjectMapping: 0.183400 ms MarkObjects: 4.059400 ms  DeleteObjects: 0.129300 ms)

========================================================================
Received Import Request.
  Time since last request: 4344.113186 seconds.
  path: ProjectSettings/TagManager.asset
  artifactKey: Guid(00000000000000003000000000000000) Importer(815301076,1909f56bfc062723c751e8b465ee728b)
Start importing ProjectSettings/TagManager.asset using Guid(00000000000000003000000000000000) Importer(815301076,1909f56bfc062723c751e8b465ee728b)  -> (artifact id: '2f2615bef0f93e1b71bdc937cbe264e4') in 0.112287 seconds
  Import took 0.116612 seconds .

========================================================================
Received Import Request.
  Time since last request: 10.137177 seconds.
  path: Assets/Prefabs/Player.prefab
  artifactKey: Guid(09cb84f23242b434d8f2c8383b266f75) Importer(815301076,1909f56bfc062723c751e8b465ee728b)
Start importing Assets/Prefabs/Player.prefab using Guid(09cb84f23242b434d8f2c8383b266f75) Importer(815301076,1909f56bfc062723c751e8b465ee728b)  -> (artifact id: '628b56519d59414ba6755cae42f42910') in 0.096135 seconds
  Import took 0.100056 seconds .

========================================================================
Received Prepare
Registering precompiled user dll's ...
Registered in 0.001003 seconds.
Begin MonoManager ReloadAssembly
Native extension for WindowsStandalone target not found
Refreshing native plugins compatible for Editor in 0.85 ms, found 0 plugins.
Preloading 0 native plugins for Editor in 0.00 ms.
Warning: Annotation not found!
UnityEngine.StackTraceUtility:ExtractStackTrace ()
UnityEditor.ProBuilder.EditorUtility:SetGizmoIconEnabled (System.Type,bool) (at E:/MemoryFolder/Creacio_Jocs/Unity_Projects/Try/VaAnemi/Library/PackageCache/com.unity.probuilder@4.5.0/Editor/EditorCore/EditorUtility.cs:593)
UnityEditor.ProBuilder.HierarchyListener:.cctor () (at E:/MemoryFolder/Creacio_Jocs/Unity_Projects/Try/VaAnemi/Library/PackageCache/com.unity.probuilder@4.5.0/Editor/EditorCore/HierarchyListener.cs:21)
System.Runtime.CompilerServices.RuntimeHelpers:RunClassConstructor (System.RuntimeTypeHandle)
UnityEditor.EditorAssemblies:ProcessInitializeOnLoadAttributes (System.Type[])

[E:/MemoryFolder/Creacio_Jocs/Unity_Projects/Try/VaAnemi/Library/PackageCache/com.unity.probuilder@4.5.0/Editor/EditorCore/EditorUtility.cs line 593]

Mono: successfully reloaded assembly
- Completed reload, in  1.177 seconds
Platform modules already initialized, skipping
Refreshing native plugins compatible for Editor in 0.33 ms, found 0 plugins.
Preloading 0 native plugins for Editor in 0.00 ms.
Unloading 1602 Unused Serialized files (Serialized files now loaded: 0)
System memory in use before: 79.4 MB.
System memory in use after: 79.5 MB.

Unloading 9 unused Assets to reduce memory usage. Loaded Objects now: 2132.
Total: 3.270900 ms (FindLiveObjects: 0.165200 ms CreateObjectMapping: 0.053900 ms MarkObjects: 2.884100 ms  DeleteObjects: 0.166300 ms)

========================================================================
Received Prepare
Registering precompiled user dll's ...
Registered in 0.000916 seconds.
Begin MonoManager ReloadAssembly
Native extension for WindowsStandalone target not found
Refreshing native plugins compatible for Editor in 0.29 ms, found 0 plugins.
Preloading 0 native plugins for Editor in 0.00 ms.
Warning: Annotation not found!
UnityEngine.StackTraceUtility:ExtractStackTrace ()
UnityEditor.ProBuilder.EditorUtility:SetGizmoIconEnabled (System.Type,bool) (at E:/MemoryFolder/Creacio_Jocs/Unity_Projects/Try/VaAnemi/Library/PackageCache/com.unity.probuilder@4.5.0/Editor/EditorCore/EditorUtility.cs:593)
UnityEditor.ProBuilder.HierarchyListener:.cctor () (at E:/MemoryFolder/Creacio_Jocs/Unity_Projects/Try/VaAnemi/Library/PackageCache/com.unity.probuilder@4.5.0/Editor/EditorCore/HierarchyListener.cs:21)
System.Runtime.CompilerServices.RuntimeHelpers:RunClassConstructor (System.RuntimeTypeHandle)
UnityEditor.EditorAssemblies:ProcessInitializeOnLoadAttributes (System.Type[])

[E:/MemoryFolder/Creacio_Jocs/Unity_Projects/Try/VaAnemi/Library/PackageCache/com.unity.probuilder@4.5.0/Editor/EditorCore/EditorUtility.cs line 593]

Mono: successfully reloaded assembly
- Completed reload, in  1.159 seconds
Platform modules already initialized, skipping
Refreshing native plugins compatible for Editor in 0.36 ms, found 0 plugins.
Preloading 0 native plugins for Editor in 0.00 ms.
Unloading 1602 Unused Serialized files (Serialized files now loaded: 0)
System memory in use before: 79.4 MB.
System memory in use after: 79.5 MB.

Unloading 7 unused Assets to reduce memory usage. Loaded Objects now: 2135.
Total: 2.499700 ms (FindLiveObjects: 0.162800 ms CreateObjectMapping: 0.054300 ms MarkObjects: 2.098000 ms  DeleteObjects: 0.183700 ms)

========================================================================
Received Prepare
Registering precompiled user dll's ...
Registered in 0.000722 seconds.
Begin MonoManager ReloadAssembly
Native extension for WindowsStandalone target not found
Refreshing native plugins compatible for Editor in 0.30 ms, found 0 plugins.
Preloading 0 native plugins for Editor in 0.00 ms.
Warning: Annotation not found!
UnityEngine.StackTraceUtility:ExtractStackTrace ()
UnityEditor.ProBuilder.EditorUtility:SetGizmoIconEnabled (System.Type,bool) (at E:/MemoryFolder/Creacio_Jocs/Unity_Projects/Try/VaAnemi/Library/PackageCache/com.unity.probuilder@4.5.0/Editor/EditorCore/EditorUtility.cs:593)
UnityEditor.ProBuilder.HierarchyListener:.cctor () (at E:/MemoryFolder/Creacio_Jocs/Unity_Projects/Try/VaAnemi/Library/PackageCache/com.unity.probuilder@4.5.0/Editor/EditorCore/HierarchyListener.cs:21)
System.Runtime.CompilerServices.RuntimeHelpers:RunClassConstructor (System.RuntimeTypeHandle)
UnityEditor.EditorAssemblies:ProcessInitializeOnLoadAttributes (System.Type[])

[E:/MemoryFolder/Creacio_Jocs/Unity_Projects/Try/VaAnemi/Library/PackageCache/com.unity.probuilder@4.5.0/Editor/EditorCore/EditorUtility.cs line 593]

Mono: successfully reloaded assembly
- Completed reload, in  1.169 seconds
Platform modules already initialized, skipping
Refreshing native plugins compatible for Editor in 0.31 ms, found 0 plugins.
Preloading 0 native plugins for Editor in 0.00 ms.
Unloading 1602 Unused Serialized files (Serialized files now loaded: 0)
System memory in use before: 79.4 MB.
System memory in use after: 79.5 MB.

Unloading 7 unused Assets to reduce memory usage. Loaded Objects now: 2138.
Total: 2.472200 ms (FindLiveObjects: 0.164800 ms CreateObjectMapping: 0.051200 ms MarkObjects: 2.137700 ms  DeleteObjects: 0.117400 ms)

AssetImportWorkerClient::OnTransportError - code=2 error=End of file
